
2021-12-30 18:21:15 INFO  Log:12 - Test Başladı...
2021-12-30 18:21:19 INFO  Log:20 - Anasayfa açıldı.https://www.gittigidiyor.com/
2021-12-30 18:21:23 INFO  Log:20 - Login Sayfası açıldı.
2021-12-30 18:21:28 ERROR Log:24 - Login olunamadı. Hata=org.junit.ComparisonFailure: expected:<...ww.gittigidiyor.com/[uye-girisi]> but was:<...ww.gittigidiyor.com/[]>
2021-12-30 18:42:54 INFO  Log:12 - Test Başladı...
2021-12-30 18:42:59 INFO  Log:20 - Anasayfa açıldı.https://www.beymen.com/
2021-12-30 18:44:05 INFO  Log:12 - Test Başladı...
2021-12-30 18:44:09 INFO  Log:20 - Anasayfa açıldı.https://www.beymen.com/
2021-12-30 18:44:13 INFO  Log:20 - Arama yapıldı. pantolon
2021-12-30 18:47:11 INFO  Log:12 - Test Başladı...
2021-12-30 18:47:17 INFO  Log:20 - Anasayfa açıldı.https://www.beymen.com/
2021-12-30 18:47:19 INFO  Log:20 - Arama yapıldı. pantolon
2021-12-30 18:54:13 INFO  Log:12 - Test Başladı...
2021-12-30 18:54:18 INFO  Log:20 - Anasayfa açıldı.https://www.beymen.com/
2021-12-30 18:54:21 INFO  Log:20 - Arama yapıldı. pantolon
2021-12-30 18:58:09 INFO  Log:12 - Test Başladı...
2021-12-30 18:58:14 INFO  Log:20 - Anasayfa açıldı.https://www.beymen.com/
2021-12-30 18:58:17 INFO  Log:20 - Arama yapıldı. pantolon
2021-12-30 19:00:07 INFO  Log:12 - Test Başladı...
2021-12-30 19:00:11 INFO  Log:20 - Anasayfa açıldı.https://www.beymen.com/
2021-12-30 19:00:15 INFO  Log:20 - Arama yapıldı. pantolon
2021-12-30 19:03:54 INFO  Log:12 - Test Başladı...
2021-12-30 19:03:59 INFO  Log:20 - Anasayfa açıldı.https://www.beymen.com/
2021-12-30 19:04:01 INFO  Log:20 - Arama yapıldı. pantolon
2021-12-30 19:05:56 INFO  Log:12 - Test Başladı...
2021-12-30 19:06:00 INFO  Log:20 - Anasayfa açıldı.https://www.beymen.com/
2021-12-30 19:06:03 INFO  Log:20 - Arama yapıldı. pantolon
2021-12-30 19:14:29 INFO  Log:12 - Test Başladı...
2021-12-30 19:14:33 INFO  Log:20 - Anasayfa açıldı.https://www.beymen.com/
2021-12-30 19:14:36 INFO  Log:20 - Arama yapıldı. pantolon
2021-12-30 19:20:16 INFO  Log:12 - Test Başladı...
2021-12-30 19:20:21 INFO  Log:20 - Anasayfa açıldı.https://www.beymen.com/
2021-12-30 19:20:23 INFO  Log:20 - Arama yapıldı. pantolon
2021-12-30 19:31:19 INFO  Log:12 - Test Başladı...
2021-12-30 19:31:23 INFO  Log:20 - Anasayfa açıldı.https://www.beymen.com/
2021-12-30 19:31:26 INFO  Log:20 - Arama yapıldı. pantolon
2021-12-30 19:36:43 INFO  Log:12 - Test Başladı...
2021-12-30 19:36:47 INFO  Log:20 - Anasayfa açıldı.https://www.beymen.com/
2021-12-30 19:36:49 INFO  Log:20 - Arama yapıldı. pantolon
2021-12-30 20:18:53 INFO  Log:12 - Test Başladı...
2021-12-30 20:18:58 INFO  Log:20 - Anasayfa açıldı.https://www.beymen.com/
2021-12-30 20:19:00 INFO  Log:20 - Arama yapıldı. pantolon
2021-12-30 20:24:56 INFO  Log:12 - Test Başladı...
2021-12-30 20:25:01 INFO  Log:20 - Anasayfa açıldı.https://www.beymen.com/
2021-12-30 20:25:03 INFO  Log:20 - Arama yapıldı. pantolon
2021-12-30 20:26:28 INFO  Log:12 - Test Başladı...
2021-12-30 20:26:32 INFO  Log:20 - Anasayfa açıldı.https://www.beymen.com/
2021-12-30 20:26:34 INFO  Log:20 - Arama yapıldı. pantolon
2021-12-30 21:04:19 INFO  Log:12 - Test Başladı...
2021-12-30 21:04:24 INFO  Log:20 - Anasayfa açıldı.https://www.beymen.com/
2021-12-30 21:04:26 INFO  Log:20 - Arama yapıldı. pantolon
2021-12-30 21:06:25 INFO  Log:12 - Test Başladı...
2021-12-30 21:06:30 INFO  Log:20 - Anasayfa açıldı.https://www.beymen.com/
2021-12-30 21:06:32 INFO  Log:20 - Arama yapıldı. pantolon
2021-12-30 21:07:39 INFO  Log:12 - Test Başladı...
2021-12-30 21:07:43 INFO  Log:20 - Anasayfa açıldı.https://www.beymen.com/
2021-12-30 21:07:46 INFO  Log:20 - Arama yapıldı. pantolon
2021-12-30 21:09:20 INFO  Log:12 - Test Başladı...
2021-12-30 21:09:24 INFO  Log:20 - Anasayfa açıldı.https://www.beymen.com/
2021-12-30 21:09:26 INFO  Log:20 - Arama yapıldı. pantolon
2021-12-30 21:27:13 INFO  Log:12 - Test Başladı...
2021-12-30 21:27:18 INFO  Log:20 - Anasayfa açıldı.https://www.beymen.com/
2021-12-30 21:27:20 INFO  Log:20 - Arama yapıldı. pantolon
